2004.03.02 12:16 B K:\Bibliographic Services Division\Cataloguing\Voyager 20012 Cat\Catalog\TagTable\Rlin\Amarc0xx.cfg --> pc6212.lib.gla.ac.uk /Catalog/TagTable/Rlin Amarc0xx.cfg
2004.03.02 12:16 B K:\Bibliographic Services Division\Cataloguing\Voyager 20012 Cat\Catalog\TagTable\Rlin\Amarc1xx.cfg --> pc6212.lib.gla.ac.uk /Catalog/TagTable/Rlin Amarc1xx.cfg
2004.03.02 12:16 B K:\Bibliographic Services Division\Cataloguing\Voyager 20012 Cat\Catalog\TagTable\Rlin\Amarc2xx.cfg --> pc6212.lib.gla.ac.uk /Catalog/TagTable/Rlin Amarc2xx.cfg
2004.03.02 12:16 B K:\Bibliographic Services Division\Cataloguing\Voyager 20012 Cat\Catalog\TagTable\Rlin\Amarc3xx.cfg --> pc6212.lib.gla.ac.uk /Catalog/TagTable/Rlin Amarc3xx.cfg
2004.03.02 12:16 B K:\Bibliographic Services Division\Cataloguing\Voyager 20012 Cat\Catalog\TagTable\Rlin\Amarc4xx.cfg --> pc6212.lib.gla.ac.uk /Catalog/TagTable/Rlin Amarc4xx.cfg
2004.03.02 12:16 B K:\Bibliographic Services Division\Cataloguing\Voyager 20012 Cat\Catalog\TagTable\Rlin\Amarc5xx.cfg --> pc6212.lib.gla.ac.uk /Catalog/TagTable/Rlin Amarc5xx.cfg
2004.03.02 12:16 B K:\Bibliographic Services Division\Cataloguing\Voyager 20012 Cat\Catalog\TagTable\Rlin\Amarc6xx.cfg --> pc6212.lib.gla.ac.uk /Catalog/TagTable/Rlin Amarc6xx.cfg
2004.03.02 12:16 B K:\Bibliographic Services Division\Cataloguing\Voyager 20012 Cat\Catalog\TagTable\Rlin\Amarc7xx.cfg --> pc6212.lib.gla.ac.uk /Catalog/TagTable/Rlin Amarc7xx.cfg
2004.03.02 12:16 B K:\Bibliographic Services Division\Cataloguing\Voyager 20012 Cat\Catalog\TagTable\Rlin\Amarc8xx.cfg --> pc6212.lib.gla.ac.uk /Catalog/TagTable/Rlin Amarc8xx.cfg
2004.03.02 12:16 B K:\Bibliographic Services Division\Cataloguing\Voyager 20012 Cat\Catalog\TagTable\Rlin\Amarcfix.cfg --> pc6212.lib.gla.ac.uk /Catalog/TagTable/Rlin Amarcfix.cfg
2004.03.02 12:16 B K:\Bibliographic Services Division\Cataloguing\Voyager 20012 Cat\Catalog\TagTable\Rlin\Bmarc0xx.cfg --> pc6212.lib.gla.ac.uk /Catalog/TagTable/Rlin Bmarc0xx.cfg
2004.03.02 12:16 B K:\Bibliographic Services Division\Cataloguing\Voyager 20012 Cat\Catalog\TagTable\Rlin\Bmarc1xx.cfg --> pc6212.lib.gla.ac.uk /Catalog/TagTable/Rlin Bmarc1xx.cfg
2004.03.02 12:16 B K:\Bibliographic Services Division\Cataloguing\Voyager 20012 Cat\Catalog\TagTable\Rlin\Bmarc2xx.cfg --> pc6212.lib.gla.ac.uk /Catalog/TagTable/Rlin Bmarc2xx.cfg
2004.03.02 12:16 B K:\Bibliographic Services Division\Cataloguing\Voyager 20012 Cat\Catalog\TagTable\Rlin\Bmarc3xx.cfg --> pc6212.lib.gla.ac.uk /Catalog/TagTable/Rlin Bmarc3xx.cfg
2004.03.02 12:16 B K:\Bibliographic Services Division\Cataloguing\Voyager 20012 Cat\Catalog\TagTable\Rlin\Bmarc4xx.cfg --> pc6212.lib.gla.ac.uk /Catalog/TagTable/Rlin Bmarc4xx.cfg
2004.03.02 12:16 B K:\Bibliographic Services Division\Cataloguing\Voyager 20012 Cat\Catalog\TagTable\Rlin\Bmarc5xx.cfg --> pc6212.lib.gla.ac.uk /Catalog/TagTable/Rlin Bmarc5xx.cfg
2004.03.02 12:16 B K:\Bibliographic Services Division\Cataloguing\Voyager 20012 Cat\Catalog\TagTable\Rlin\Bmarc6xx.cfg --> pc6212.lib.gla.ac.uk /Catalog/TagTable/Rlin Bmarc6xx.cfg
2004.03.02 12:16 B K:\Bibliographic Services Division\Cataloguing\Voyager 20012 Cat\Catalog\TagTable\Rlin\Bmarc7xx.cfg --> pc6212.lib.gla.ac.uk /Catalog/TagTable/Rlin Bmarc7xx.cfg
2004.03.02 12:16 B K:\Bibliographic Services Division\Cataloguing\Voyager 20012 Cat\Catalog\TagTable\Rlin\Bmarc8xx.cfg --> pc6212.lib.gla.ac.uk /Catalog/TagTable/Rlin Bmarc8xx.cfg
2004.03.02 12:16 B K:\Bibliographic Services Division\Cataloguing\Voyager 20012 Cat\Catalog\TagTable\Rlin\Bmarc9xx.cfg --> pc6212.lib.gla.ac.uk /Catalog/TagTable/Rlin Bmarc9xx.cfg
2004.03.02 12:16 B K:\Bibliographic Services Division\Cataloguing\Voyager 20012 Cat\Catalog\TagTable\Rlin\Bmarcfix.cfg --> pc6212.lib.gla.ac.uk /Catalog/TagTable/Rlin Bmarcfix.cfg
2004.03.02 12:16 B K:\Bibliographic Services Division\Cataloguing\Voyager 20012 Cat\Catalog\TagTable\Rlin\Hmarc0xx.cfg --> pc6212.lib.gla.ac.uk /Catalog/TagTable/Rlin Hmarc0xx.cfg
2004.03.02 12:16 B K:\Bibliographic Services Division\Cataloguing\Voyager 20012 Cat\Catalog\TagTable\Rlin\Hmarc5xx.cfg --> pc6212.lib.gla.ac.uk /Catalog/TagTable/Rlin Hmarc5xx.cfg
2004.03.02 12:16 B K:\Bibliographic Services Division\Cataloguing\Voyager 20012 Cat\Catalog\TagTable\Rlin\Hmarc8xx.cfg --> pc6212.lib.gla.ac.uk /Catalog/TagTable/Rlin Hmarc8xx.cfg
2004.03.02 12:16 B K:\Bibliographic Services Division\Cataloguing\Voyager 20012 Cat\Catalog\TagTable\Rlin\Hmarcfix.cfg --> pc6212.lib.gla.ac.uk /Catalog/TagTable/Rlin Hmarcfix.cfg
2004.03.02 12:16 B K:\Bibliographic Services Division\Cataloguing\Voyager 20012 Cat\Catalog\TagTable\Rlin\Master.cfg --> pc6212.lib.gla.ac.uk /Catalog/TagTable/Rlin Master.cfg
