2001.05.14 12:04 B p:\support\button1.swf --> libcd2.lib.ed.ac.uk /disk/d5/Sysweb/support button1.swf
2001.05.14 12:04 B p:\support\button2.swf --> libcd2.lib.ed.ac.uk /disk/d5/Sysweb/support button2.swf
2001.05.14 12:04 B p:\support\button3.swf --> libcd2.lib.ed.ac.uk /disk/d5/Sysweb/support button3.swf
2001.05.14 12:04 B p:\support\button4.swf --> libcd2.lib.ed.ac.uk /disk/d5/Sysweb/support button4.swf
2001.05.14 12:04 B p:\support\button5.swf --> libcd2.lib.ed.ac.uk /disk/d5/Sysweb/support button5.swf
2001.05.14 12:04 B p:\support\button6.swf --> libcd2.lib.ed.ac.uk /disk/d5/Sysweb/support button6.swf
2001.05.14 12:04 B p:\support\button7.swf --> libcd2.lib.ed.ac.uk /disk/d5/Sysweb/support button7.swf
2001.05.14 12:04 B p:\support\firework.zip --> libcd2.lib.ed.ac.uk /disk/d5/Sysweb/support firework.zip
2001.05.14 12:04 B p:\support\fireworks.fla --> libcd2.lib.ed.ac.uk /disk/d5/Sysweb/support fireworks.fla
2001.05.14 12:04 B p:\support\fireworks.swf --> libcd2.lib.ed.ac.uk /disk/d5/Sysweb/support fireworks.swf
2001.05.14 12:04 B p:\support\fireworks_Scene 1.swf --> libcd2.lib.ed.ac.uk /disk/d5/Sysweb/support fireworks_Scene 1.swf
2001.05.14 12:04 B p:\support\index.html --> libcd2.lib.ed.ac.uk /disk/d5/Sysweb/support index.html
2001.05.14 12:04 B p:\support\index1.htm --> libcd2.lib.ed.ac.uk /disk/d5/Sysweb/support index1.htm
2001.05.14 12:04 B p:\support\sysweb.swf --> libcd2.lib.ed.ac.uk /disk/d5/Sysweb/support sysweb.swf
2001.05.14 12:04 B p:\support\sysweb2.swf --> libcd2.lib.ed.ac.uk /disk/d5/Sysweb/support sysweb2.swf
2001.05.14 12:04 B p:\support\train0028.pdf --> libcd2.lib.ed.ac.uk /disk/d5/Sysweb/support train0028.pdf
2002.02.01 16:22 B K:\Systems\sysweb\support2\button1.swf --> libcd2.lib.ed.ac.uk /disk/d5/Sysweb/support2 button1.swf
2002.02.01 16:22 B K:\Systems\sysweb\support2\button10.swf --> libcd2.lib.ed.ac.uk /disk/d5/Sysweb/support2 button10.swf
2002.02.01 16:22 B K:\Systems\sysweb\support2\button11.swf --> libcd2.lib.ed.ac.uk /disk/d5/Sysweb/support2 button11.swf
2002.02.01 16:22 B K:\Systems\sysweb\support2\button12.swf --> libcd2.lib.ed.ac.uk /disk/d5/Sysweb/support2 button12.swf
2002.02.01 16:22 B K:\Systems\sysweb\support2\button2.swf --> libcd2.lib.ed.ac.uk /disk/d5/Sysweb/support2 button2.swf
2002.02.01 16:22 B K:\Systems\sysweb\support2\button3.swf --> libcd2.lib.ed.ac.uk /disk/d5/Sysweb/support2 button3.swf
2002.02.01 16:22 B K:\Systems\sysweb\support2\button4.swf --> libcd2.lib.ed.ac.uk /disk/d5/Sysweb/support2 button4.swf
2002.02.01 16:22 B K:\Systems\sysweb\support2\button5.swf --> libcd2.lib.ed.ac.uk /disk/d5/Sysweb/support2 button5.swf
2002.02.01 16:22 B K:\Systems\sysweb\support2\button6.swf --> libcd2.lib.ed.ac.uk /disk/d5/Sysweb/support2 button6.swf
2002.02.01 16:22 B K:\Systems\sysweb\support2\button7.swf --> libcd2.lib.ed.ac.uk /disk/d5/Sysweb/support2 button7.swf
2002.02.01 16:22 B K:\Systems\sysweb\support2\button8.swf --> libcd2.lib.ed.ac.uk /disk/d5/Sysweb/support2 button8.swf
2002.02.01 16:22 B K:\Systems\sysweb\support2\button9.swf --> libcd2.lib.ed.ac.uk /disk/d5/Sysweb/support2 button9.swf
2002.02.01 16:22 B K:\Systems\sysweb\support2\firework.zip --> libcd2.lib.ed.ac.uk /disk/d5/Sysweb/support2 firework.zip
2002.02.01 16:22 B K:\Systems\sysweb\support2\fireworks.fla --> libcd2.lib.ed.ac.uk /disk/d5/Sysweb/support2 fireworks.fla
2002.02.01 16:22 B K:\Systems\sysweb\support2\fireworks.swf --> libcd2.lib.ed.ac.uk /disk/d5/Sysweb/support2 fireworks.swf
2002.02.01 16:22 B K:\Systems\sysweb\support2\fireworks_Scene 1.swf --> libcd2.lib.ed.ac.uk /disk/d5/Sysweb/support2 fireworks_Scene 1.swf
2002.02.01 16:22 B K:\Systems\sysweb\support2\index.html --> libcd2.lib.ed.ac.uk /disk/d5/Sysweb/support2 index.html
2002.02.01 16:22 B K:\Systems\sysweb\support2\index1.htm --> libcd2.lib.ed.ac.uk /disk/d5/Sysweb/support2 index1.htm
2002.02.01 16:22 B K:\Systems\sysweb\support2\sysweb.swf --> libcd2.lib.ed.ac.uk /disk/d5/Sysweb/support2 sysweb.swf
2002.02.01 16:22 B K:\Systems\sysweb\support2\sysweb2.swf --> libcd2.lib.ed.ac.uk /disk/d5/Sysweb/support2 sysweb2.swf
2002.02.01 16:22 B K:\Systems\sysweb\support2\text1.swf --> libcd2.lib.ed.ac.uk /disk/d5/Sysweb/support2 text1.swf
2002.02.01 16:22 B K:\Systems\sysweb\support2\train0028.pdf --> libcd2.lib.ed.ac.uk /disk/d5/Sysweb/support2 train0028.pdf
