2001.05.14 12:00 B p:\support\document\training\index.html --> libcd2.lib.ed.ac.uk /disk/d5/Sysweb/support/document/training index.html
2001.05.14 12:00 B p:\support\document\training\TMP7vv6ndbnrp.htm --> libcd2.lib.ed.ac.uk /disk/d5/Sysweb/support/document/training TMP7vv6ndbnrp.htm
2001.05.14 12:00 B p:\support\document\training\train0001.pdf --> libcd2.lib.ed.ac.uk /disk/d5/Sysweb/support/document/training train0001.pdf
2001.05.14 12:00 B p:\support\document\training\train0002.pdf --> libcd2.lib.ed.ac.uk /disk/d5/Sysweb/support/document/training train0002.pdf
2001.05.14 12:00 B p:\support\document\training\train0003.pdf --> libcd2.lib.ed.ac.uk /disk/d5/Sysweb/support/document/training train0003.pdf
2001.05.14 12:00 B p:\support\document\training\train0004.pdf --> libcd2.lib.ed.ac.uk /disk/d5/Sysweb/support/document/training train0004.pdf
2001.05.14 12:00 B p:\support\document\training\train0009.pdf --> libcd2.lib.ed.ac.uk /disk/d5/Sysweb/support/document/training train0009.pdf
2001.05.14 12:00 B p:\support\document\training\train0010.pdf --> libcd2.lib.ed.ac.uk /disk/d5/Sysweb/support/document/training train0010.pdf
2001.05.14 12:00 B p:\support\document\training\train0012.pdf --> libcd2.lib.ed.ac.uk /disk/d5/Sysweb/support/document/training train0012.pdf
2001.05.14 12:00 B p:\support\document\training\train0013.pdf --> libcd2.lib.ed.ac.uk /disk/d5/Sysweb/support/document/training train0013.pdf
2001.05.14 12:00 B p:\support\document\training\train0014.pdf --> libcd2.lib.ed.ac.uk /disk/d5/Sysweb/support/document/training train0014.pdf
2001.05.14 12:00 B p:\support\document\training\train0015.pdf --> libcd2.lib.ed.ac.uk /disk/d5/Sysweb/support/document/training train0015.pdf
2001.05.14 12:00 B p:\support\document\training\train0017.pdf --> libcd2.lib.ed.ac.uk /disk/d5/Sysweb/support/document/training train0017.pdf
2001.05.14 12:00 B p:\support\document\training\train0018.pdf --> libcd2.lib.ed.ac.uk /disk/d5/Sysweb/support/document/training train0018.pdf
2001.05.14 12:00 B p:\support\document\training\train0019.pdf --> libcd2.lib.ed.ac.uk /disk/d5/Sysweb/support/document/training train0019.pdf
2001.05.14 12:00 B p:\support\document\training\train0020.pdf --> libcd2.lib.ed.ac.uk /disk/d5/Sysweb/support/document/training train0020.pdf
2001.05.14 12:00 B p:\support\document\training\train0021.pdf --> libcd2.lib.ed.ac.uk /disk/d5/Sysweb/support/document/training train0021.pdf
2001.05.14 12:00 B p:\support\document\training\train0022.pdf --> libcd2.lib.ed.ac.uk /disk/d5/Sysweb/support/document/training train0022.pdf
2001.05.14 12:00 B p:\support\document\training\train0023.pdf --> libcd2.lib.ed.ac.uk /disk/d5/Sysweb/support/document/training train0023.pdf
2001.05.14 12:00 B p:\support\document\training\train0024.pdf --> libcd2.lib.ed.ac.uk /disk/d5/Sysweb/support/document/training train0024.pdf
2001.05.14 12:00 B p:\support\document\training\train0026.pdf --> libcd2.lib.ed.ac.uk /disk/d5/Sysweb/support/document/training train0026.pdf
2001.05.14 12:00 B p:\support\document\training\train0027.pdf --> libcd2.lib.ed.ac.uk /disk/d5/Sysweb/support/document/training train0027.pdf
2001.05.14 12:00 B p:\support\document\training\train0029.pdf --> libcd2.lib.ed.ac.uk /disk/d5/Sysweb/support/document/training train0029.pdf
2001.05.14 12:00 B p:\support\document\training\train0030.pdf --> libcd2.lib.ed.ac.uk /disk/d5/Sysweb/support/document/training train0030.pdf
2001.05.14 12:00 B p:\support\document\training\train0031.pdf --> libcd2.lib.ed.ac.uk /disk/d5/Sysweb/support/document/training train0031.pdf
2001.05.14 12:00 B p:\support\document\training\train0032.pdf --> libcd2.lib.ed.ac.uk /disk/d5/Sysweb/support/document/training train0032.pdf
2001.05.14 12:00 B p:\support\document\training\train0033.pdf --> libcd2.lib.ed.ac.uk /disk/d5/Sysweb/support/document/training train0033.pdf
2001.05.14 12:00 B p:\support\document\training\train0034.pdf --> libcd2.lib.ed.ac.uk /disk/d5/Sysweb/support/document/training train0034.pdf
2001.05.14 12:00 B p:\support\document\training\train0036.pdf --> libcd2.lib.ed.ac.uk /disk/d5/Sysweb/support/document/training train0036.pdf
2001.05.14 12:00 B p:\support\document\training\train0037.pdf --> libcd2.lib.ed.ac.uk /disk/d5/Sysweb/support/document/training train0037.pdf
2001.05.14 12:00 B p:\support\document\training\train0038.pdf --> libcd2.lib.ed.ac.uk /disk/d5/Sysweb/support/document/training train0038.pdf
2001.05.14 12:00 B p:\support\document\training\train0040.pdf --> libcd2.lib.ed.ac.uk /disk/d5/Sysweb/support/document/training train0040.pdf
2001.05.14 12:00 B p:\support\document\training\train0041.pdf --> libcd2.lib.ed.ac.uk /disk/d5/Sysweb/support/document/training train0041.pdf
2001.05.14 12:00 B p:\support\document\training\train0042.pdf --> libcd2.lib.ed.ac.uk /disk/d5/Sysweb/support/document/training train0042.pdf
2001.05.14 12:00 B p:\support\document\training\train0043.pdf --> libcd2.lib.ed.ac.uk /disk/d5/Sysweb/support/document/training train0043.pdf
2001.05.14 12:00 B p:\support\document\training\train0045.pdf --> libcd2.lib.ed.ac.uk /disk/d5/Sysweb/support/document/training train0045.pdf
2001.05.14 12:00 B p:\support\document\training\train0052.pdf --> libcd2.lib.ed.ac.uk /disk/d5/Sysweb/support/document/training train0052.pdf
2001.05.14 12:00 B p:\support\document\training\train0053.pdf --> libcd2.lib.ed.ac.uk /disk/d5/Sysweb/support/document/training train0053.pdf
2001.05.14 12:00 B p:\support\document\training\train0054.pdf --> libcd2.lib.ed.ac.uk /disk/d5/Sysweb/support/document/training train0054.pdf
2001.05.14 12:00 B p:\support\document\training\train0055.pdf --> libcd2.lib.ed.ac.uk /disk/d5/Sysweb/support/document/training train0055.pdf
2001.05.14 12:00 B p:\support\document\training\train0056.pdf --> libcd2.lib.ed.ac.uk /disk/d5/Sysweb/support/document/training train0056.pdf
2001.05.14 12:00 B p:\support\document\training\train0057.pdf --> libcd2.lib.ed.ac.uk /disk/d5/Sysweb/support/document/training train0057.pdf
2001.05.14 12:00 B p:\support\document\training\train0058.pdf --> libcd2.lib.ed.ac.uk /disk/d5/Sysweb/support/document/training train0058.pdf
2001.05.14 12:01 B p:\support\document\training\train0059.pdf --> libcd2.lib.ed.ac.uk /disk/d5/Sysweb/support/document/training train0059.pdf
2001.05.14 12:01 B p:\support\document\training\train0060.pdf --> libcd2.lib.ed.ac.uk /disk/d5/Sysweb/support/document/training train0060.pdf
2001.05.14 12:01 B p:\support\document\training\train0061.pdf --> libcd2.lib.ed.ac.uk /disk/d5/Sysweb/support/document/training train0061.pdf
2001.05.14 12:01 B p:\support\document\training\train0062.pdf --> libcd2.lib.ed.ac.uk /disk/d5/Sysweb/support/document/training train0062.pdf
2001.05.14 12:01 B p:\support\document\training\train0063.pdf --> libcd2.lib.ed.ac.uk /disk/d5/Sysweb/support/document/training train0063.pdf
2001.05.14 12:01 B p:\support\document\training\train0064.pdf --> libcd2.lib.ed.ac.uk /disk/d5/Sysweb/support/document/training train0064.pdf
2001.05.14 12:01 B p:\support\document\training\train0065.pdf --> libcd2.lib.ed.ac.uk /disk/d5/Sysweb/support/document/training train0065.pdf
2001.05.14 12:01 B p:\support\document\training\train0066.pdf --> libcd2.lib.ed.ac.uk /disk/d5/Sysweb/support/document/training train0066.pdf
2002.02.01 16:18 B K:\Systems\sysweb\support2\document\training\index.html --> libcd2.lib.ed.ac.uk /disk/d5/Sysweb/support2/document/training index.html
2002.02.01 16:18 B K:\Systems\sysweb\support2\document\training\train0001.pdf --> libcd2.lib.ed.ac.uk /disk/d5/Sysweb/support2/document/training train0001.pdf
2002.02.01 16:18 B K:\Systems\sysweb\support2\document\training\train0002.pdf --> libcd2.lib.ed.ac.uk /disk/d5/Sysweb/support2/document/training train0002.pdf
2002.02.01 16:18 B K:\Systems\sysweb\support2\document\training\train0003.pdf --> libcd2.lib.ed.ac.uk /disk/d5/Sysweb/support2/document/training train0003.pdf
2002.02.01 16:18 B K:\Systems\sysweb\support2\document\training\train0004.pdf --> libcd2.lib.ed.ac.uk /disk/d5/Sysweb/support2/document/training train0004.pdf
2002.02.01 16:18 B K:\Systems\sysweb\support2\document\training\train0009.pdf --> libcd2.lib.ed.ac.uk /disk/d5/Sysweb/support2/document/training train0009.pdf
2002.02.01 16:18 B K:\Systems\sysweb\support2\document\training\train0010.pdf --> libcd2.lib.ed.ac.uk /disk/d5/Sysweb/support2/document/training train0010.pdf
2002.02.01 16:18 B K:\Systems\sysweb\support2\document\training\train0012.pdf --> libcd2.lib.ed.ac.uk /disk/d5/Sysweb/support2/document/training train0012.pdf
2002.02.01 16:18 B K:\Systems\sysweb\support2\document\training\train0013.pdf --> libcd2.lib.ed.ac.uk /disk/d5/Sysweb/support2/document/training train0013.pdf
2002.02.01 16:18 B K:\Systems\sysweb\support2\document\training\train0014.pdf --> libcd2.lib.ed.ac.uk /disk/d5/Sysweb/support2/document/training train0014.pdf
2002.02.01 16:18 B K:\Systems\sysweb\support2\document\training\train0015.pdf --> libcd2.lib.ed.ac.uk /disk/d5/Sysweb/support2/document/training train0015.pdf
2002.02.01 16:18 B K:\Systems\sysweb\support2\document\training\train0017.pdf --> libcd2.lib.ed.ac.uk /disk/d5/Sysweb/support2/document/training train0017.pdf
2002.02.01 16:18 B K:\Systems\sysweb\support2\document\training\train0018.pdf --> libcd2.lib.ed.ac.uk /disk/d5/Sysweb/support2/document/training train0018.pdf
2002.02.01 16:18 B K:\Systems\sysweb\support2\document\training\train0019.pdf --> libcd2.lib.ed.ac.uk /disk/d5/Sysweb/support2/document/training train0019.pdf
2002.02.01 16:18 B K:\Systems\sysweb\support2\document\training\train0020.pdf --> libcd2.lib.ed.ac.uk /disk/d5/Sysweb/support2/document/training train0020.pdf
2002.02.01 16:18 B K:\Systems\sysweb\support2\document\training\train0021.pdf --> libcd2.lib.ed.ac.uk /disk/d5/Sysweb/support2/document/training train0021.pdf
2002.02.01 16:18 B K:\Systems\sysweb\support2\document\training\train0022.pdf --> libcd2.lib.ed.ac.uk /disk/d5/Sysweb/support2/document/training train0022.pdf
2002.02.01 16:18 B K:\Systems\sysweb\support2\document\training\train0023.pdf --> libcd2.lib.ed.ac.uk /disk/d5/Sysweb/support2/document/training train0023.pdf
2002.02.01 16:18 B K:\Systems\sysweb\support2\document\training\train0024.pdf --> libcd2.lib.ed.ac.uk /disk/d5/Sysweb/support2/document/training train0024.pdf
2002.02.01 16:18 B K:\Systems\sysweb\support2\document\training\train0026.pdf --> libcd2.lib.ed.ac.uk /disk/d5/Sysweb/support2/document/training train0026.pdf
2002.02.01 16:18 B K:\Systems\sysweb\support2\document\training\train0027.pdf --> libcd2.lib.ed.ac.uk /disk/d5/Sysweb/support2/document/training train0027.pdf
2002.02.01 16:18 B K:\Systems\sysweb\support2\document\training\train0029.pdf --> libcd2.lib.ed.ac.uk /disk/d5/Sysweb/support2/document/training train0029.pdf
2002.02.01 16:18 B K:\Systems\sysweb\support2\document\training\train0030.pdf --> libcd2.lib.ed.ac.uk /disk/d5/Sysweb/support2/document/training train0030.pdf
2002.02.01 16:18 B K:\Systems\sysweb\support2\document\training\train0031.pdf --> libcd2.lib.ed.ac.uk /disk/d5/Sysweb/support2/document/training train0031.pdf
2002.02.01 16:18 B K:\Systems\sysweb\support2\document\training\train0032.pdf --> libcd2.lib.ed.ac.uk /disk/d5/Sysweb/support2/document/training train0032.pdf
2002.02.01 16:18 B K:\Systems\sysweb\support2\document\training\train0033.pdf --> libcd2.lib.ed.ac.uk /disk/d5/Sysweb/support2/document/training train0033.pdf
2002.02.01 16:18 B K:\Systems\sysweb\support2\document\training\train0034.pdf --> libcd2.lib.ed.ac.uk /disk/d5/Sysweb/support2/document/training train0034.pdf
2002.02.01 16:18 B K:\Systems\sysweb\support2\document\training\train0036.pdf --> libcd2.lib.ed.ac.uk /disk/d5/Sysweb/support2/document/training train0036.pdf
2002.02.01 16:18 B K:\Systems\sysweb\support2\document\training\train0037.pdf --> libcd2.lib.ed.ac.uk /disk/d5/Sysweb/support2/document/training train0037.pdf
2002.02.01 16:18 B K:\Systems\sysweb\support2\document\training\train0038.pdf --> libcd2.lib.ed.ac.uk /disk/d5/Sysweb/support2/document/training train0038.pdf
2002.02.01 16:18 B K:\Systems\sysweb\support2\document\training\train0040.pdf --> libcd2.lib.ed.ac.uk /disk/d5/Sysweb/support2/document/training train0040.pdf
2002.02.01 16:18 B K:\Systems\sysweb\support2\document\training\train0041.pdf --> libcd2.lib.ed.ac.uk /disk/d5/Sysweb/support2/document/training train0041.pdf
2002.02.01 16:18 B K:\Systems\sysweb\support2\document\training\train0042.pdf --> libcd2.lib.ed.ac.uk /disk/d5/Sysweb/support2/document/training train0042.pdf
2002.02.01 16:18 B K:\Systems\sysweb\support2\document\training\train0043.pdf --> libcd2.lib.ed.ac.uk /disk/d5/Sysweb/support2/document/training train0043.pdf
2002.02.01 16:18 B K:\Systems\sysweb\support2\document\training\train0045.pdf --> libcd2.lib.ed.ac.uk /disk/d5/Sysweb/support2/document/training train0045.pdf
2002.02.01 16:18 B K:\Systems\sysweb\support2\document\training\train0052.pdf --> libcd2.lib.ed.ac.uk /disk/d5/Sysweb/support2/document/training train0052.pdf
2002.02.01 16:18 B K:\Systems\sysweb\support2\document\training\train0053.pdf --> libcd2.lib.ed.ac.uk /disk/d5/Sysweb/support2/document/training train0053.pdf
2002.02.01 16:18 B K:\Systems\sysweb\support2\document\training\train0054.pdf --> libcd2.lib.ed.ac.uk /disk/d5/Sysweb/support2/document/training train0054.pdf
2002.02.01 16:18 B K:\Systems\sysweb\support2\document\training\train0055.pdf --> libcd2.lib.ed.ac.uk /disk/d5/Sysweb/support2/document/training train0055.pdf
2002.02.01 16:18 B K:\Systems\sysweb\support2\document\training\train0056.pdf --> libcd2.lib.ed.ac.uk /disk/d5/Sysweb/support2/document/training train0056.pdf
2002.02.01 16:18 B K:\Systems\sysweb\support2\document\training\train0057.pdf --> libcd2.lib.ed.ac.uk /disk/d5/Sysweb/support2/document/training train0057.pdf
2002.02.01 16:18 B K:\Systems\sysweb\support2\document\training\train0058.pdf --> libcd2.lib.ed.ac.uk /disk/d5/Sysweb/support2/document/training train0058.pdf
2002.02.01 16:18 B K:\Systems\sysweb\support2\document\training\train0059.pdf --> libcd2.lib.ed.ac.uk /disk/d5/Sysweb/support2/document/training train0059.pdf
2002.02.01 16:18 B K:\Systems\sysweb\support2\document\training\train0060.pdf --> libcd2.lib.ed.ac.uk /disk/d5/Sysweb/support2/document/training train0060.pdf
2002.02.01 16:18 B K:\Systems\sysweb\support2\document\training\train0061.pdf --> libcd2.lib.ed.ac.uk /disk/d5/Sysweb/support2/document/training train0061.pdf
2002.02.01 16:18 B K:\Systems\sysweb\support2\document\training\train0062.pdf --> libcd2.lib.ed.ac.uk /disk/d5/Sysweb/support2/document/training train0062.pdf
2002.02.01 16:18 B K:\Systems\sysweb\support2\document\training\train0063.pdf --> libcd2.lib.ed.ac.uk /disk/d5/Sysweb/support2/document/training train0063.pdf
2002.02.01 16:18 B K:\Systems\sysweb\support2\document\training\train0064.pdf --> libcd2.lib.ed.ac.uk /disk/d5/Sysweb/support2/document/training train0064.pdf
2002.02.01 16:18 B K:\Systems\sysweb\support2\document\training\train0065.pdf --> libcd2.lib.ed.ac.uk /disk/d5/Sysweb/support2/document/training train0065.pdf
2002.02.01 16:18 B K:\Systems\sysweb\support2\document\training\train0066.pdf --> libcd2.lib.ed.ac.uk /disk/d5/Sysweb/support2/document/training train0066.pdf
