is-lac-lmp6.is.ed.ac.uk - - [23/Jun/2015:10:17:41 +0100] "GET / HTTP/1.1" 200 10392
is-lac-lmp6.is.ed.ac.uk - - [23/Jun/2015:10:17:41 +0100] "GET /graphics/bar.jpg HTTP/1.1" 200 6892
is-lac-lmp6.is.ed.ac.uk - - [23/Jun/2015:10:17:41 +0100] "GET /graphics/dev.gif HTTP/1.1" 200 5663
is-lac-lmp6.is.ed.ac.uk - - [23/Jun/2015:10:17:41 +0100] "GET /graphics/help.gif HTTP/1.1" 200 4768
is-lac-lmp6.is.ed.ac.uk - - [23/Jun/2015:10:17:41 +0100] "GET /graphics/logo.jpg HTTP/1.1" 200 13781
is-lac-lmp6.is.ed.ac.uk - - [23/Jun/2015:10:17:41 +0100] "GET /graphics/gregor.gif HTTP/1.1" 200 33451
is-lac-lmp6.is.ed.ac.uk - - [23/Jun/2015:10:17:42 +0100] "GET /graphics/badger.gif HTTP/1.1" 200 18336
is-lac-lmp6.is.ed.ac.uk - - [23/Jun/2015:10:17:42 +0100] "GET /button1.swf HTTP/1.1" 200 1077
is-lac-lmp6.is.ed.ac.uk - - [23/Jun/2015:10:17:42 +0100] "GET /button2.swf HTTP/1.1" 200 1491
is-lac-lmp6.is.ed.ac.uk - - [23/Jun/2015:10:17:42 +0100] "GET /button3.swf HTTP/1.1" 200 1345
is-lac-lmp6.is.ed.ac.uk - - [23/Jun/2015:10:17:42 +0100] "GET /button4.swf HTTP/1.1" 200 1479
is-lac-lmp6.is.ed.ac.uk - - [23/Jun/2015:10:17:42 +0100] "GET /button5.swf HTTP/1.1" 200 1810
is-lac-lmp6.is.ed.ac.uk - - [23/Jun/2015:10:17:42 +0100] "GET /button6.swf HTTP/1.1" 200 1409
is-lac-lmp6.is.ed.ac.uk - - [23/Jun/2015:10:17:42 +0100] "GET /button7.swf HTTP/1.1" 200 1300
is-lac-lmp6.is.ed.ac.uk - - [23/Jun/2015:10:17:42 +0100] "GET /news.swf HTTP/1.1" 200 1576
is-lac-lmp6.is.ed.ac.uk - - [23/Jun/2015:10:17:42 +0100] "GET /button10.swf HTTP/1.1" 200 1495
is-lac-lmp6.is.ed.ac.uk - - [23/Jun/2015:10:17:44 +0100] "GET /documentation/index.html HTTP/1.1" 200 8897
is-lac-lmp6.is.ed.ac.uk - - [23/Jun/2015:10:17:44 +0100] "GET /graphics/logosmall.jpg HTTP/1.1" 200 8747
is-lac-lmp6.is.ed.ac.uk - - [23/Jun/2015:10:17:44 +0100] "GET /documentation/button1.swf HTTP/1.1" 200 1077
is-lac-lmp6.is.ed.ac.uk - - [23/Jun/2015:10:17:44 +0100] "GET /documentation/button2.swf HTTP/1.1" 200 1497
is-lac-lmp6.is.ed.ac.uk - - [23/Jun/2015:10:17:44 +0100] "GET /documentation/button3.swf HTTP/1.1" 200 1351
is-lac-lmp6.is.ed.ac.uk - - [23/Jun/2015:10:17:44 +0100] "GET /documentation/button4.swf HTTP/1.1" 200 1485
is-lac-lmp6.is.ed.ac.uk - - [23/Jun/2015:10:17:44 +0100] "GET /documentation/button5.swf HTTP/1.1" 200 1816
is-lac-lmp6.is.ed.ac.uk - - [23/Jun/2015:10:17:44 +0100] "GET /documentation/button6.swf HTTP/1.1" 200 1415
is-lac-lmp6.is.ed.ac.uk - - [23/Jun/2015:10:17:44 +0100] "GET /documentation/button7.swf HTTP/1.1" 200 1306
is-lac-lmp6.is.ed.ac.uk - - [23/Jun/2015:10:17:47 +0100] "GET /training/manuals.html HTTP/1.1" 200 14668
is-lac-lmp6.is.ed.ac.uk - - [23/Jun/2015:10:18:02 +0100] "GET /documentation/voy821/Technical.pdf HTTP/1.1" 200 5609240
is-lac-2110.is.ed.ac.uk - - [23/Jun/2015:11:02:59 +0100] "GET /training/manuals.html HTTP/1.1" 200 14668
is-lac-2110.is.ed.ac.uk - - [23/Jun/2015:11:02:59 +0100] "GET /graphics/bar.jpg HTTP/1.1" 200 6892
is-lac-2110.is.ed.ac.uk - - [23/Jun/2015:11:02:59 +0100] "GET /graphics/logosmall.jpg HTTP/1.1" 200 8747
is-lac-2110.is.ed.ac.uk - - [23/Jun/2015:11:02:59 +0100] "GET /favicon.ico HTTP/1.1" 404 297
is-lac-2110.is.ed.ac.uk - - [23/Jun/2015:11:02:59 +0100] "GET /favicon.ico HTTP/1.1" 404 297
