2001.05.14 12:00 B p:\support\document\internal\calltask.pdf --> libcd2.lib.ed.ac.uk /disk/d5/Sysweb/support/document/internal calltask.pdf
2001.05.14 12:00 B p:\support\document\internal\eqpform.pdf --> libcd2.lib.ed.ac.uk /disk/d5/Sysweb/support/document/internal eqpform.pdf
2001.05.14 12:00 B p:\support\document\internal\equipreq.pdf --> libcd2.lib.ed.ac.uk /disk/d5/Sysweb/support/document/internal equipreq.pdf
2001.05.14 12:00 B p:\support\document\internal\faults.pdf --> libcd2.lib.ed.ac.uk /disk/d5/Sysweb/support/document/internal faults.pdf
2001.05.14 12:00 B p:\support\document\internal\handover.pdf --> libcd2.lib.ed.ac.uk /disk/d5/Sysweb/support/document/internal handover.pdf
2001.05.14 12:00 B p:\support\document\internal\index.html --> libcd2.lib.ed.ac.uk /disk/d5/Sysweb/support/document/internal index.html
2001.05.14 12:00 B p:\support\document\internal\numbers.pdf --> libcd2.lib.ed.ac.uk /disk/d5/Sysweb/support/document/internal numbers.pdf
2001.05.14 12:00 B p:\support\document\internal\opacsNT.pdf --> libcd2.lib.ed.ac.uk /disk/d5/Sysweb/support/document/internal opacsNT.pdf
2001.05.14 12:00 B p:\support\document\internal\quickcall.pdf --> libcd2.lib.ed.ac.uk /disk/d5/Sysweb/support/document/internal quickcall.pdf
2001.05.14 12:00 B p:\support\document\internal\serial.pdf --> libcd2.lib.ed.ac.uk /disk/d5/Sysweb/support/document/internal serial.pdf
2001.05.14 12:00 B p:\support\document\internal\sign.pdf --> libcd2.lib.ed.ac.uk /disk/d5/Sysweb/support/document/internal sign.pdf
2001.05.14 12:00 B p:\support\document\internal\softloan.pdf --> libcd2.lib.ed.ac.uk /disk/d5/Sysweb/support/document/internal softloan.pdf
2001.05.14 12:00 B p:\support\document\internal\status.pdf --> libcd2.lib.ed.ac.uk /disk/d5/Sysweb/support/document/internal status.pdf
2001.05.14 12:00 B p:\support\document\internal\syscalls.pdf --> libcd2.lib.ed.ac.uk /disk/d5/Sysweb/support/document/internal syscalls.pdf
2002.02.01 16:18 B K:\Systems\sysweb\support2\document\internal\calltask.pdf --> libcd2.lib.ed.ac.uk /disk/d5/Sysweb/support2/document/internal calltask.pdf
2002.02.01 16:18 B K:\Systems\sysweb\support2\document\internal\eqpform.pdf --> libcd2.lib.ed.ac.uk /disk/d5/Sysweb/support2/document/internal eqpform.pdf
2002.02.01 16:18 B K:\Systems\sysweb\support2\document\internal\equipreq.pdf --> libcd2.lib.ed.ac.uk /disk/d5/Sysweb/support2/document/internal equipreq.pdf
2002.02.01 16:18 B K:\Systems\sysweb\support2\document\internal\faults.pdf --> libcd2.lib.ed.ac.uk /disk/d5/Sysweb/support2/document/internal faults.pdf
2002.02.01 16:18 B K:\Systems\sysweb\support2\document\internal\handover.pdf --> libcd2.lib.ed.ac.uk /disk/d5/Sysweb/support2/document/internal handover.pdf
2002.02.01 16:18 B K:\Systems\sysweb\support2\document\internal\index.html --> libcd2.lib.ed.ac.uk /disk/d5/Sysweb/support2/document/internal index.html
2002.02.01 16:18 B K:\Systems\sysweb\support2\document\internal\numbers.pdf --> libcd2.lib.ed.ac.uk /disk/d5/Sysweb/support2/document/internal numbers.pdf
2002.02.01 16:18 B K:\Systems\sysweb\support2\document\internal\opacsNT.pdf --> libcd2.lib.ed.ac.uk /disk/d5/Sysweb/support2/document/internal opacsNT.pdf
2002.02.01 16:18 B K:\Systems\sysweb\support2\document\internal\quickcall.pdf --> libcd2.lib.ed.ac.uk /disk/d5/Sysweb/support2/document/internal quickcall.pdf
2002.02.01 16:18 B K:\Systems\sysweb\support2\document\internal\serial.pdf --> libcd2.lib.ed.ac.uk /disk/d5/Sysweb/support2/document/internal serial.pdf
2002.02.01 16:18 B K:\Systems\sysweb\support2\document\internal\sign.pdf --> libcd2.lib.ed.ac.uk /disk/d5/Sysweb/support2/document/internal sign.pdf
2002.02.01 16:18 B K:\Systems\sysweb\support2\document\internal\softloan.pdf --> libcd2.lib.ed.ac.uk /disk/d5/Sysweb/support2/document/internal softloan.pdf
2002.02.01 16:18 B K:\Systems\sysweb\support2\document\internal\status.pdf --> libcd2.lib.ed.ac.uk /disk/d5/Sysweb/support2/document/internal status.pdf
2002.02.01 16:18 B K:\Systems\sysweb\support2\document\internal\syscalls.pdf --> libcd2.lib.ed.ac.uk /disk/d5/Sysweb/support2/document/internal syscalls.pdf
