2004.03.02 12:15 B K:\Bibliographic Services Division\Cataloguing\Voyager 20012 Cat\Catalog\TagTable\Oclc\Amarc0xx.cfg --> pc6212.lib.gla.ac.uk /Catalog/TagTable/Oclc Amarc0xx.cfg
2004.03.02 12:15 B K:\Bibliographic Services Division\Cataloguing\Voyager 20012 Cat\Catalog\TagTable\Oclc\Amarc1xx.cfg --> pc6212.lib.gla.ac.uk /Catalog/TagTable/Oclc Amarc1xx.cfg
2004.03.02 12:15 B K:\Bibliographic Services Division\Cataloguing\Voyager 20012 Cat\Catalog\TagTable\Oclc\Amarc2xx.cfg --> pc6212.lib.gla.ac.uk /Catalog/TagTable/Oclc Amarc2xx.cfg
2004.03.02 12:15 B K:\Bibliographic Services Division\Cataloguing\Voyager 20012 Cat\Catalog\TagTable\Oclc\Amarc3xx.cfg --> pc6212.lib.gla.ac.uk /Catalog/TagTable/Oclc Amarc3xx.cfg
2004.03.02 12:15 B K:\Bibliographic Services Division\Cataloguing\Voyager 20012 Cat\Catalog\TagTable\Oclc\Amarc4xx.cfg --> pc6212.lib.gla.ac.uk /Catalog/TagTable/Oclc Amarc4xx.cfg
2004.03.02 12:15 B K:\Bibliographic Services Division\Cataloguing\Voyager 20012 Cat\Catalog\TagTable\Oclc\Amarc5xx.cfg --> pc6212.lib.gla.ac.uk /Catalog/TagTable/Oclc Amarc5xx.cfg
2004.03.02 12:15 B K:\Bibliographic Services Division\Cataloguing\Voyager 20012 Cat\Catalog\TagTable\Oclc\Amarc6xx.cfg --> pc6212.lib.gla.ac.uk /Catalog/TagTable/Oclc Amarc6xx.cfg
2004.03.02 12:15 B K:\Bibliographic Services Division\Cataloguing\Voyager 20012 Cat\Catalog\TagTable\Oclc\Amarc7xx.cfg --> pc6212.lib.gla.ac.uk /Catalog/TagTable/Oclc Amarc7xx.cfg
2004.03.02 12:15 B K:\Bibliographic Services Division\Cataloguing\Voyager 20012 Cat\Catalog\TagTable\Oclc\Amarc8xx.cfg --> pc6212.lib.gla.ac.uk /Catalog/TagTable/Oclc Amarc8xx.cfg
2004.03.02 12:15 B K:\Bibliographic Services Division\Cataloguing\Voyager 20012 Cat\Catalog\TagTable\Oclc\Amarcfix.cfg --> pc6212.lib.gla.ac.uk /Catalog/TagTable/Oclc Amarcfix.cfg
2004.03.02 12:15 B K:\Bibliographic Services Division\Cataloguing\Voyager 20012 Cat\Catalog\TagTable\Oclc\Bmarc0xx.cfg --> pc6212.lib.gla.ac.uk /Catalog/TagTable/Oclc Bmarc0xx.cfg
2004.03.02 12:15 B K:\Bibliographic Services Division\Cataloguing\Voyager 20012 Cat\Catalog\TagTable\Oclc\Bmarc1xx.cfg --> pc6212.lib.gla.ac.uk /Catalog/TagTable/Oclc Bmarc1xx.cfg
2004.03.02 12:16 B K:\Bibliographic Services Division\Cataloguing\Voyager 20012 Cat\Catalog\TagTable\Oclc\Bmarc2xx.cfg --> pc6212.lib.gla.ac.uk /Catalog/TagTable/Oclc Bmarc2xx.cfg
2004.03.02 12:16 B K:\Bibliographic Services Division\Cataloguing\Voyager 20012 Cat\Catalog\TagTable\Oclc\Bmarc3xx.cfg --> pc6212.lib.gla.ac.uk /Catalog/TagTable/Oclc Bmarc3xx.cfg
2004.03.02 12:16 B K:\Bibliographic Services Division\Cataloguing\Voyager 20012 Cat\Catalog\TagTable\Oclc\Bmarc4xx.cfg --> pc6212.lib.gla.ac.uk /Catalog/TagTable/Oclc Bmarc4xx.cfg
2004.03.02 12:16 B K:\Bibliographic Services Division\Cataloguing\Voyager 20012 Cat\Catalog\TagTable\Oclc\Bmarc5xx.cfg --> pc6212.lib.gla.ac.uk /Catalog/TagTable/Oclc Bmarc5xx.cfg
2004.03.02 12:16 B K:\Bibliographic Services Division\Cataloguing\Voyager 20012 Cat\Catalog\TagTable\Oclc\Bmarc6xx.cfg --> pc6212.lib.gla.ac.uk /Catalog/TagTable/Oclc Bmarc6xx.cfg
2004.03.02 12:16 B K:\Bibliographic Services Division\Cataloguing\Voyager 20012 Cat\Catalog\TagTable\Oclc\Bmarc7xx.cfg --> pc6212.lib.gla.ac.uk /Catalog/TagTable/Oclc Bmarc7xx.cfg
2004.03.02 12:16 B K:\Bibliographic Services Division\Cataloguing\Voyager 20012 Cat\Catalog\TagTable\Oclc\Bmarc8xx.cfg --> pc6212.lib.gla.ac.uk /Catalog/TagTable/Oclc Bmarc8xx.cfg
2004.03.02 12:16 B K:\Bibliographic Services Division\Cataloguing\Voyager 20012 Cat\Catalog\TagTable\Oclc\Bmarc9xx.cfg --> pc6212.lib.gla.ac.uk /Catalog/TagTable/Oclc Bmarc9xx.cfg
2004.03.02 12:16 B K:\Bibliographic Services Division\Cataloguing\Voyager 20012 Cat\Catalog\TagTable\Oclc\Bmarcfix.cfg --> pc6212.lib.gla.ac.uk /Catalog/TagTable/Oclc Bmarcfix.cfg
2004.03.02 12:16 B K:\Bibliographic Services Division\Cataloguing\Voyager 20012 Cat\Catalog\TagTable\Oclc\Hmarc0xx.cfg --> pc6212.lib.gla.ac.uk /Catalog/TagTable/Oclc Hmarc0xx.cfg
2004.03.02 12:16 B K:\Bibliographic Services Division\Cataloguing\Voyager 20012 Cat\Catalog\TagTable\Oclc\Hmarc5xx.cfg --> pc6212.lib.gla.ac.uk /Catalog/TagTable/Oclc Hmarc5xx.cfg
2004.03.02 12:16 B K:\Bibliographic Services Division\Cataloguing\Voyager 20012 Cat\Catalog\TagTable\Oclc\Hmarc8xx.cfg --> pc6212.lib.gla.ac.uk /Catalog/TagTable/Oclc Hmarc8xx.cfg
2004.03.02 12:16 B K:\Bibliographic Services Division\Cataloguing\Voyager 20012 Cat\Catalog\TagTable\Oclc\Hmarcfix.cfg --> pc6212.lib.gla.ac.uk /Catalog/TagTable/Oclc Hmarcfix.cfg
2004.03.02 12:16 B K:\Bibliographic Services Division\Cataloguing\Voyager 20012 Cat\Catalog\TagTable\Oclc\Master.cfg --> pc6212.lib.gla.ac.uk /Catalog/TagTable/Oclc Master.cfg
