2004.03.02 12:15 B K:\Bibliographic Services Division\Cataloguing\Voyager 20012 Cat\Catalog\TagTable\Marc21\Amarc0xx.cfg --> pc6212.lib.gla.ac.uk /Catalog/TagTable/Marc21 Amarc0xx.cfg
2004.03.02 12:15 B K:\Bibliographic Services Division\Cataloguing\Voyager 20012 Cat\Catalog\TagTable\Marc21\Amarc1xx.cfg --> pc6212.lib.gla.ac.uk /Catalog/TagTable/Marc21 Amarc1xx.cfg
2004.03.02 12:15 B K:\Bibliographic Services Division\Cataloguing\Voyager 20012 Cat\Catalog\TagTable\Marc21\Amarc2xx.cfg --> pc6212.lib.gla.ac.uk /Catalog/TagTable/Marc21 Amarc2xx.cfg
2004.03.02 12:15 B K:\Bibliographic Services Division\Cataloguing\Voyager 20012 Cat\Catalog\TagTable\Marc21\Amarc3xx.cfg --> pc6212.lib.gla.ac.uk /Catalog/TagTable/Marc21 Amarc3xx.cfg
2004.03.02 12:15 B K:\Bibliographic Services Division\Cataloguing\Voyager 20012 Cat\Catalog\TagTable\Marc21\Amarc4xx.cfg --> pc6212.lib.gla.ac.uk /Catalog/TagTable/Marc21 Amarc4xx.cfg
2004.03.02 12:15 B K:\Bibliographic Services Division\Cataloguing\Voyager 20012 Cat\Catalog\TagTable\Marc21\Amarc5xx.cfg --> pc6212.lib.gla.ac.uk /Catalog/TagTable/Marc21 Amarc5xx.cfg
2004.03.02 12:15 B K:\Bibliographic Services Division\Cataloguing\Voyager 20012 Cat\Catalog\TagTable\Marc21\Amarc6xx.cfg --> pc6212.lib.gla.ac.uk /Catalog/TagTable/Marc21 Amarc6xx.cfg
2004.03.02 12:15 B K:\Bibliographic Services Division\Cataloguing\Voyager 20012 Cat\Catalog\TagTable\Marc21\Amarc7xx.cfg --> pc6212.lib.gla.ac.uk /Catalog/TagTable/Marc21 Amarc7xx.cfg
2004.03.02 12:15 B K:\Bibliographic Services Division\Cataloguing\Voyager 20012 Cat\Catalog\TagTable\Marc21\Amarc8xx.cfg --> pc6212.lib.gla.ac.uk /Catalog/TagTable/Marc21 Amarc8xx.cfg
2004.03.02 12:15 B K:\Bibliographic Services Division\Cataloguing\Voyager 20012 Cat\Catalog\TagTable\Marc21\Amarcfix.cfg --> pc6212.lib.gla.ac.uk /Catalog/TagTable/Marc21 Amarcfix.cfg
2004.03.02 12:15 B K:\Bibliographic Services Division\Cataloguing\Voyager 20012 Cat\Catalog\TagTable\Marc21\Bmarc0xx.cfg --> pc6212.lib.gla.ac.uk /Catalog/TagTable/Marc21 Bmarc0xx.cfg
2004.03.02 12:15 B K:\Bibliographic Services Division\Cataloguing\Voyager 20012 Cat\Catalog\TagTable\Marc21\Bmarc1xx.cfg --> pc6212.lib.gla.ac.uk /Catalog/TagTable/Marc21 Bmarc1xx.cfg
2004.03.02 12:15 B K:\Bibliographic Services Division\Cataloguing\Voyager 20012 Cat\Catalog\TagTable\Marc21\Bmarc2xx.cfg --> pc6212.lib.gla.ac.uk /Catalog/TagTable/Marc21 Bmarc2xx.cfg
2004.03.02 12:15 B K:\Bibliographic Services Division\Cataloguing\Voyager 20012 Cat\Catalog\TagTable\Marc21\Bmarc3xx.cfg --> pc6212.lib.gla.ac.uk /Catalog/TagTable/Marc21 Bmarc3xx.cfg
2004.03.02 12:15 B K:\Bibliographic Services Division\Cataloguing\Voyager 20012 Cat\Catalog\TagTable\Marc21\Bmarc4xx.cfg --> pc6212.lib.gla.ac.uk /Catalog/TagTable/Marc21 Bmarc4xx.cfg
2004.03.02 12:15 B K:\Bibliographic Services Division\Cataloguing\Voyager 20012 Cat\Catalog\TagTable\Marc21\Bmarc5xx.cfg --> pc6212.lib.gla.ac.uk /Catalog/TagTable/Marc21 Bmarc5xx.cfg
2004.03.02 12:15 B K:\Bibliographic Services Division\Cataloguing\Voyager 20012 Cat\Catalog\TagTable\Marc21\Bmarc6xx.cfg --> pc6212.lib.gla.ac.uk /Catalog/TagTable/Marc21 Bmarc6xx.cfg
2004.03.02 12:15 B K:\Bibliographic Services Division\Cataloguing\Voyager 20012 Cat\Catalog\TagTable\Marc21\Bmarc7xx.cfg --> pc6212.lib.gla.ac.uk /Catalog/TagTable/Marc21 Bmarc7xx.cfg
2004.03.02 12:15 B K:\Bibliographic Services Division\Cataloguing\Voyager 20012 Cat\Catalog\TagTable\Marc21\Bmarc8xx.cfg --> pc6212.lib.gla.ac.uk /Catalog/TagTable/Marc21 Bmarc8xx.cfg
2004.03.02 12:15 B K:\Bibliographic Services Division\Cataloguing\Voyager 20012 Cat\Catalog\TagTable\Marc21\Bmarc9xx.cfg --> pc6212.lib.gla.ac.uk /Catalog/TagTable/Marc21 Bmarc9xx.cfg
2004.03.02 12:15 B K:\Bibliographic Services Division\Cataloguing\Voyager 20012 Cat\Catalog\TagTable\Marc21\Bmarcfix.cfg --> pc6212.lib.gla.ac.uk /Catalog/TagTable/Marc21 Bmarcfix.cfg
2004.03.02 12:15 B K:\Bibliographic Services Division\Cataloguing\Voyager 20012 Cat\Catalog\TagTable\Marc21\Hmarc0xx.cfg --> pc6212.lib.gla.ac.uk /Catalog/TagTable/Marc21 Hmarc0xx.cfg
2004.03.02 12:15 B K:\Bibliographic Services Division\Cataloguing\Voyager 20012 Cat\Catalog\TagTable\Marc21\Hmarc5xx.cfg --> pc6212.lib.gla.ac.uk /Catalog/TagTable/Marc21 Hmarc5xx.cfg
2004.03.02 12:15 B K:\Bibliographic Services Division\Cataloguing\Voyager 20012 Cat\Catalog\TagTable\Marc21\Hmarc8xx.cfg --> pc6212.lib.gla.ac.uk /Catalog/TagTable/Marc21 Hmarc8xx.cfg
2004.03.02 12:15 B K:\Bibliographic Services Division\Cataloguing\Voyager 20012 Cat\Catalog\TagTable\Marc21\Hmarcfix.cfg --> pc6212.lib.gla.ac.uk /Catalog/TagTable/Marc21 Hmarcfix.cfg
2004.03.02 12:15 B K:\Bibliographic Services Division\Cataloguing\Voyager 20012 Cat\Catalog\TagTable\Marc21\Master.cfg --> pc6212.lib.gla.ac.uk /Catalog/TagTable/Marc21 Master.cfg
